#
# A fatal error has been detected by the Java Runtime Environment:
#
#  SIGSEGV (0xb) at pc=0x000000010c5870a0, pid=28268, tid=21763
#
# JRE version: Java(TM) SE Runtime Environment (9.0+11) (build 9.0.1+11)
# Java VM: Java HotSpot(TM) 64-Bit Server VM (9.0.1+11, mixed mode, tiered, compressed oops, g1 gc, bsd-amd64)
# Problematic frame:
# V  [libjvm.dylib+0x3870a0]  InstanceKlass::allocate_instance(Thread*)+0x56
#
# No core dump will be written. Core dumps have been disabled. To enable core dumping, try "ulimit -c unlimited" before starting Java again
#
# If you would like to submit a bug report, please visit:
#   http://bugreport.java.com/bugreport/crash.jsp
#

---------------  S U M M A R Y ------------

Command Line: -agentlib:jdwp=transport=dt_socket,address=127.0.0.1:51465,suspend=y,server=n -javaagent:/Users/Shiqing/Library/Caches/IdeaIC2018.1/captureAgent/debugger-agent.jar=file:/private/var/folders/f_/4frqlsvd1995db2mwk27qf380000gn/T/capture.props -Dfile.encoding=UTF-8 Deque

Host: MacBookPro11,2 x86_64 2000 MHz, 8 cores, 8G, Darwin 17.6.0
Time: Sat Jul 14 12:00:20 2018 EDT elapsed time: 768 seconds (0d 0h 12m 48s)

---------------  T H R E A D  ---------------

Current thread (0x00007fc83a8b4800):  VMThread "VM Thread" [stack: 0x000070000a04d000,0x000070000a14d000] [id=21763]

Stack: [0x000070000a04d000,0x000070000a14d000],  sp=0x000070000a14c1c0,  free space=1020k
Native frames: (J=compiled Java code, A=aot compiled Java code, j=interpreted, Vv=VM code, C=native code)
V  [libjvm.dylib+0x3870a0]  InstanceKlass::allocate_instance(Thread*)+0x56
V  [libjvm.dylib+0x3a3320]  java_lang_String::basic_create(int, bool, Thread*)+0x2a
V  [libjvm.dylib+0x3a356f]  java_lang_String::create_from_str(char const*, Thread*)+0x61
V  [libjvm.dylib+0x2e1951]  Exceptions::new_exception(Thread*, Symbol*, char const*, Handle, Handle, Handle, Exceptions::ExceptionMsgToUtf8Mode)+0xd5
V  [libjvm.dylib+0x2e20fc]  Exceptions::new_exception(Thread*, Symbol*, char const*, Exceptions::ExceptionMsgToUtf8Mode)+0x18
V  [libjvm.dylib+0x34f21c]  GenerateOopMap::verify_error(char const*, ...)+0xe2
V  [libjvm.dylib+0x34fab5]  GenerateOopMap::interp_bb(BasicBlock*)+0x1b1
V  [libjvm.dylib+0x34f71f]  GenerateOopMap::interp_all()+0x53
V  [libjvm.dylib+0x34f405]  GenerateOopMap::do_interpretation()+0x4b
V  [libjvm.dylib+0x351947]  GenerateOopMap::compute_map(Thread*)+0x16b
V  [libjvm.dylib+0x5e7eb8]  OopMapForCacheEntry::compute_map(Thread*)+0x60
V  [libjvm.dylib+0x5e861c]  OopMapCacheEntry::fill(methodHandle, int)+0xe0
V  [libjvm.dylib+0x5e8ceb]  OopMapCache::compute_one_oop_map(methodHandle const&, int, InterpreterOopMap*)+0x12b
V  [libjvm.dylib+0x5e8b17]  OopMapCache::lookup(methodHandle const&, int, InterpreterOopMap*) const+0xa3
V  [libjvm.dylib+0x5b1e67]  Method::mask_for(int, InterpreterOopMap*)+0x61
V  [libjvm.dylib+0x4a6731]  VM_GetOrSetLocal::doit()+0x49
V  [libjvm.dylib+0x746727]  VM_Operation::evaluate()+0x8d
V  [libjvm.dylib+0x745d9c]  VMThread::evaluate_operation(VM_Operation*)+0xda
V  [libjvm.dylib+0x745a8e]  VMThread::loop()+0x2f6
V  [libjvm.dylib+0x7456b9]  VMThread::run()+0x75
V  [libjvm.dylib+0x5ef563]  thread_native_entry(Thread*)+0x12b
C  [libsystem_pthread.dylib+0x3661]  _pthread_body+0x154
C  [libsystem_pthread.dylib+0x350d]  _pthread_body+0x0
C  [libsystem_pthread.dylib+0x2bf9]  thread_start+0xd


siginfo: si_signo: 11 (SIGSEGV), si_code: 0 (unknown), si_addr: 0x0000000000000000

Register to memory mapping:

RAX=0x0000000000000000 is an unknown value
RBX=0x0000000000000003 is an unknown value
RCX=0x000000010cb2f519: UseCompressedClassPointers+0 in /Library/Java/JavaVirtualMachines/jdk-9.0.1.jdk/Contents/Home/lib/server/libjvm.dylib at 0x000000010c200000
RDX=0x00007fc83a8b4800 is an unknown value
RSP=0x000070000a14c1c0 is an unknown value
RBP=0x000070000a14c210 is an unknown value
RSI=0x00030020000000a3 is an unknown value
RDI=0x00000007c00016d0 is pointing into metadata
R8 =0x000000000000006e is an unknown value
R9 =0x0000000000000000 is an unknown value
R10=0x0000000000000000 is an unknown value
R11=0x000000010c99aff5: __cxx_global_var_init5+0x378f5 in /Library/Java/JavaVirtualMachines/jdk-9.0.1.jdk/Contents/Home/lib/server/libjvm.dylib at 0x000000010c200000
R12=0x0000000000000003 is an unknown value
R13=0x00000007c00016d0 is pointing into metadata
R14=0x0000000000000000 is an unknown value
R15=0x00007fc83a8b4800 is an unknown value


Registers:
RAX=0x0000000000000000, RBX=0x0000000000000003, RCX=0x000000010cb2f519, RDX=0x00007fc83a8b4800
RSP=0x000070000a14c1c0, RBP=0x000070000a14c210, RSI=0x00030020000000a3, RDI=0x00000007c00016d0
R8 =0x000000000000006e, R9 =0x0000000000000000, R10=0x0000000000000000, R11=0x000000010c99aff5
R12=0x0000000000000003, R13=0x00000007c00016d0, R14=0x0000000000000000, R15=0x00007fc83a8b4800
RIP=0x000000010c5870a0, EFLAGS=0x0000000000010202, ERR=0x0000000000000000
  TRAPNO=0x000000000000000d

Top of Stack: (sp=0x000070000a14c1c0)
0x000070000a14c1c0:   0000000000000000 0000000000000000
0x000070000a14c1d0:   0000000000000000 0000000000000000
0x000070000a14c1e0:   0000000000000000 00007fc83a8b4800
0x000070000a14c1f0:   000000000000004c 0000000000000000
0x000070000a14c200:   000070000a14c460 0000000000000001
0x000070000a14c210:   000070000a14c250 000000010c5a3320
0x000070000a14c220:   000000010caeb501 00007fc83a8b4800
0x000070000a14c230:   0000000000000000 0000000000000000
0x000070000a14c240:   000070000a14c460 000000000000004c
0x000070000a14c250:   000070000a14c290 000000010c5a356f
0x000070000a14c260:   000070000a14c370 0001000000000000
0x000070000a14c270:   0000000000000000 00007fc83a8b4800
0x000070000a14c280:   0000000000000000 000070000a14c460
0x000070000a14c290:   000070000a14c380 000000010c4e1951
0x000070000a14c2a0:   5f48e1b716220085 000070000a14c460
0x000070000a14c2b0:   0000000114d56f90 0000000000000000
0x000070000a14c2c0:   0000000000000000 0000000000000000
0x000070000a14c2d0:   0000000000000001 000000010c99aff6
0x000070000a14c2e0:   00007fc839a46550 000000008fffffff
0x000070000a14c2f0:   00007fff5285c019 0000000114d5b570
0x000070000a14c300:   00007fc839a4c130 0000000000000001
0x000070000a14c310:   000000010c96c461 0000000000000010
0x000070000a14c320:   00007fc839a4c130 000070000a14c2d8
0x000070000a14c330:   000070000a14c319 0000000800000000
0x000070000a14c340:   000070000a14c300 0000000000000000
0x000070000a14c350:   5f48e1b716220085 000070000a14c858
0x000070000a14c360:   000070000a14c690 0000000000000029
0x000070000a14c370:   000070000a14c460 5f48e1b716220085
0x000070000a14c380:   000070000a14c3a0 000000010c4e20fc
0x000070000a14c390:   5f48e1b700000000 000070000a14c858
0x000070000a14c3a0:   000070000a14c680 000000010c54f21c
0x000070000a14c3b0:   000070000a14c400 00007fff528148eb 

Instructions: (pc=0x000000010c5870a0)
0x000000010c587080:   68 00 d7 ff 48 89 c6 31 c0 49 83 7f 08 00 0f 85
0x000000010c587090:   b6 01 00 00 48 8d 0d 7e 84 5a 00 80 39 00 74 07
0x000000010c5870a0:   c7 46 0c 00 00 00 00 41 83 fc 02 74 28 48 89 f7
0x000000010c5870b0:   48 83 c7 10 44 89 75 c4 49 89 f6 48 8d 34 dd f0 

VM_Operation (0x000070000ab6a9e8): GetOrSetLocal, mode: safepoint, requested by thread 0x00007fc83b827000


---------------  P R O C E S S  ---------------

Java Threads: ( => current thread )
  0x00007fc83b828000 JavaThread "Service Thread" daemon [_thread_blocked, id=37891, stack(0x000070000ad74000,0x000070000ae74000)]
  0x00007fc837813800 JavaThread "JDWP Command Reader" daemon [_thread_in_native, id=38147, stack(0x000070000ac71000,0x000070000ad71000)]
  0x00007fc838810000 JavaThread "JDWP Event Helper Thread" daemon [_thread_blocked, id=38659, stack(0x000070000ab6e000,0x000070000ac6e000)]
  0x00007fc83b827000 JavaThread "JDWP Transport Listener: dt_socket" daemon [_thread_blocked, id=25607, stack(0x000070000aa6b000,0x000070000ab6b000)]
  0x00007fc83b01c000 JavaThread "Common-Cleaner" daemon [_thread_blocked, id=38915, stack(0x000070000a968000,0x000070000aa68000)]
  0x00007fc83b804800 JavaThread "Sweeper thread" daemon [_thread_blocked, id=39427, stack(0x000070000a865000,0x000070000a965000)]
  0x00007fc83b804000 JavaThread "C1 CompilerThread3" daemon [_thread_blocked, id=39939, stack(0x000070000a762000,0x000070000a862000)]
  0x00007fc83b803000 JavaThread "C2 CompilerThread2" daemon [_thread_blocked, id=25091, stack(0x000070000a65f000,0x000070000a75f000)]
  0x00007fc83b802000 JavaThread "C2 CompilerThread1" daemon [_thread_blocked, id=24835, stack(0x000070000a55c000,0x000070000a65c000)]
  0x00007fc83800c000 JavaThread "C2 CompilerThread0" daemon [_thread_blocked, id=40707, stack(0x000070000a459000,0x000070000a559000)]
  0x00007fc83800b000 JavaThread "Signal Dispatcher" daemon [_thread_blocked, id=24323, stack(0x000070000a356000,0x000070000a456000)]
  0x00007fc83a8b5000 JavaThread "Finalizer" daemon [_thread_blocked, id=22531, stack(0x000070000a253000,0x000070000a353000)]
  0x00007fc839011800 JavaThread "Reference Handler" daemon [_thread_blocked, id=22019, stack(0x000070000a150000,0x000070000a250000)]
  0x00007fc83a802000 JavaThread "main" [_thread_blocked, id=6659, stack(0x0000700008b0e000,0x0000700008c0e000)]

Other Threads:
=>0x00007fc83a8b4800 VMThread "VM Thread" [stack: 0x000070000a04d000,0x000070000a14d000] [id=21763]
  0x00007fc83a8c6000 WatcherThread [stack: 0x000070000ae77000,0x000070000af77000] [id=37635]
  0x00007fc83a810000 GCTaskThread "GC Thread#0" [stack: 0x0000700008c11000,0x0000700008d11000] [id=11011]
  0x00007fc83a810800 GCTaskThread "GC Thread#1" [stack: 0x0000700008d14000,0x0000700008e14000] [id=21507]
  0x00007fc83a811000 GCTaskThread "GC Thread#2" [stack: 0x0000700008e17000,0x0000700008f17000] [id=11523]
  0x00007fc83a811800 GCTaskThread "GC Thread#3" [stack: 0x0000700008f1a000,0x000070000901a000] [id=11779]
  0x00007fc83a812800 GCTaskThread "GC Thread#4" [stack: 0x000070000901d000,0x000070000911d000] [id=20483]
  0x00007fc83a813000 GCTaskThread "GC Thread#5" [stack: 0x0000700009120000,0x0000700009220000] [id=20227]
  0x00007fc83a813800 GCTaskThread "GC Thread#6" [stack: 0x0000700009223000,0x0000700009323000] [id=12547]
  0x00007fc83a814000 GCTaskThread "GC Thread#7" [stack: 0x0000700009326000,0x0000700009426000] [id=19715]
  0x00007fc83a840000 ConcurrentGCThread "G1 Main Marker" [stack: 0x0000700009d44000,0x0000700009e44000] [id=17667]
  0x00007fc839001000 ConcurrentGCThread "G1 Marker#0" [stack: 0x0000700009e47000,0x0000700009f47000] [id=17155]
  0x00007fc837800800 ConcurrentGCThread "G1 Marker#1" [stack: 0x0000700009f4a000,0x000070000a04a000] [id=16899]
  0x00007fc83a81a000 ConcurrentGCThread "G1 Refine#0" [stack: 0x0000700009b3e000,0x0000700009c3e000] [id=15363]
  0x00007fc83a819800 ConcurrentGCThread "G1 Refine#1" [stack: 0x0000700009a3b000,0x0000700009b3b000] [id=18435]
  0x00007fc83a818800 ConcurrentGCThread "G1 Refine#2" [stack: 0x0000700009938000,0x0000700009a38000] [id=14595]
  0x00007fc83a818000 ConcurrentGCThread "G1 Refine#3" [stack: 0x0000700009835000,0x0000700009935000] [id=18947]
  0x00007fc83a817000 ConcurrentGCThread "G1 Refine#4" [stack: 0x0000700009732000,0x0000700009832000] [id=14339]
  0x00007fc83a816800 ConcurrentGCThread "G1 Refine#5" [stack: 0x000070000962f000,0x000070000972f000] [id=14083]
  0x00007fc83a815800 ConcurrentGCThread "G1 Refine#6" [stack: 0x000070000952c000,0x000070000962c000] [id=13571]
  0x00007fc83a815000 ConcurrentGCThread "G1 Refine#7" [stack: 0x0000700009429000,0x0000700009529000] [id=13059]
  0x00007fc83a81b000 ConcurrentGCThread "G1 Young RemSet Sampling" [stack: 0x0000700009c41000,0x0000700009d41000] [id=15619]

Threads with active compile tasks:

VM state:at safepoint (normal execution)

VM Mutex/Monitor currently owned by a thread:  ([mutex/lock_event])
[0x00007fc839906b00] Threads_lock - owner thread: 0x00007fc83a8b4800

Heap address: 0x0000000740000000, size: 2048 MB, Compressed Oops mode: Zero based, Oop shift amount: 3
Narrow klass base: 0x0000000000000000, Narrow klass shift: 3
Compressed class space size: 1073741824 Address: 0x00000007c0000000

Heap:
 garbage-first heap   total 131072K, used 3072K [0x0000000740000000, 0x0000000740100400, 0x00000007c0000000)
  region size 1024K, 4 young (4096K), 0 survivors (0K)
 Metaspace       used 4912K, capacity 5072K, committed 5120K, reserved 1056768K
  class space    used 433K, capacity 496K, committed 512K, reserved 1048576K
Heap Regions: E=young(eden), S=young(survivor), O=old, HS=humongous(starts), HC=humongous(continues), CS=collection set, F=free, A=archive, TS=gc time stamp, AC=allocation context, TAMS=top-at-mark-start (previous, next)
|   0|0x0000000740000000, 0x0000000740000000, 0x0000000740100000|  0%| F|  |TS  0|AC  0|TAMS 0x0000000740000000, 0x0000000740000000|
|   1|0x0000000740100000, 0x0000000740100000, 0x0000000740200000|  0%| F|  |TS  0|AC  0|TAMS 0x0000000740100000, 0x0000000740100000|
|   2|0x0000000740200000, 0x0000000740200000, 0x0000000740300000|  0%| F|  |TS  0|AC  0|TAMS 0x0000000740200000, 0x0000000740200000|
|   3|0x0000000740300000, 0x0000000740300000, 0x0000000740400000|  0%| F|  |TS  0|AC  0|TAMS 0x0000000740300000, 0x0000000740300000|
|   4|0x0000000740400000, 0x0000000740400000, 0x0000000740500000|  0%| F|  |TS  0|AC  0|TAMS 0x0000000740400000, 0x0000000740400000|
|   5|0x0000000740500000, 0x0000000740500000, 0x0000000740600000|  0%| F|  |TS  0|AC  0|TAMS 0x0000000740500000, 0x0000000740500000|
|   6|0x0000000740600000, 0x0000000740600000, 0x0000000740700000|  0%| F|  |TS  0|AC  0|TAMS 0x0000000740600000, 0x0000000740600000|
|   7|0x0000000740700000, 0x0000000740700000, 0x0000000740800000|  0%| F|  |TS  0|AC  0|TAMS 0x0000000740700000, 0x0000000740700000|
|   8|0x0000000740800000, 0x0000000740800000, 0x0000000740900000|  0%| F|  |TS  0|AC  0|TAMS 0x0000000740800000, 0x0000000740800000|
|   9|0x0000000740900000, 0x0000000740900000, 0x0000000740a00000|  0%| F|  |TS  0|AC  0|TAMS 0x0000000740900000, 0x0000000740900000|
|  10|0x0000000740a00000, 0x0000000740a00000, 0x0000000740b00000|  0%| F|  |TS  0|AC  0|TAMS 0x0000000740a00000, 0x0000000740a00000|
|  11|0x0000000740b00000, 0x0000000740b00000, 0x0000000740c00000|  0%| F|  |TS  0|AC  0|TAMS 0x0000000740b00000, 0x0000000740b00000|
|  12|0x0000000740c00000, 0x0000000740c00000, 0x0000000740d00000|  0%| F|  |TS  0|AC  0|TAMS 0x0000000740c00000, 0x0000000740c00000|
|  13|0x0000000740d00000, 0x0000000740d00000, 0x0000000740e00000|  0%| F|  |TS  0|AC  0|TAMS 0x0000000740d00000, 0x0000000740d00000|
|  14|0x0000000740e00000, 0x0000000740e00000, 0x0000000740f00000|  0%| F|  |TS  0|AC  0|TAMS 0x0000000740e00000, 0x0000000740e00000|
|  15|0x0000000740f00000, 0x0000000740f00000, 0x0000000741000000|  0%| F|  |TS  0|AC  0|TAMS 0x0000000740f00000, 0x0000000740f00000|
|  16|0x0000000741000000, 0x0000000741000000, 0x0000000741100000|  0%| F|  |TS  0|AC  0|TAMS 0x0000000741000000, 0x0000000741000000|
|  17|0x0000000741100000, 0x0000000741100000, 0x0000000741200000|  0%| F|  |TS  0|AC  0|TAMS 0x0000000741100000, 0x0000000741100000|
|  18|0x0000000741200000, 0x0000000741200000, 0x0000000741300000|  0%| F|  |TS  0|AC  0|TAMS 0x0000000741200000, 0x0000000741200000|
|  19|0x0000000741300000, 0x0000000741300000, 0x0000000741400000|  0%| F|  |TS  0|AC  0|TAMS 0x0000000741300000, 0x0000000741300000|
|  20|0x0000000741400000, 0x0000000741400000, 0x0000000741500000|  0%| F|  |TS  0|AC  0|TAMS 0x0000000741400000, 0x0000000741400000|
|  21|0x0000000741500000, 0x0000000741500000, 0x0000000741600000|  0%| F|  |TS  0|AC  0|TAMS 0x0000000741500000, 0x0000000741500000|
|  22|0x0000000741600000, 0x0000000741600000, 0x0000000741700000|  0%| F|  |TS  0|AC  0|TAMS 0x0000000741600000, 0x0000000741600000|
|  23|0x0000000741700000, 0x0000000741700000, 0x0000000741800000|  0%| F|  |TS  0|AC  0|TAMS 0x0000000741700000, 0x0000000741700000|
|  24|0x0000000741800000, 0x0000000741800000, 0x0000000741900000|  0%| F|  |TS  0|AC  0|TAMS 0x0000000741800000, 0x0000000741800000|
|  25|0x0000000741900000, 0x0000000741900000, 0x0000000741a00000|  0%| F|  |TS  0|AC  0|TAMS 0x0000000741900000, 0x0000000741900000|
|  26|0x0000000741a00000, 0x0000000741a00000, 0x0000000741b00000|  0%| F|  |TS  0|AC  0|TAMS 0x0000000741a00000, 0x0000000741a00000|
|  27|0x0000000741b00000, 0x0000000741b00000, 0x0000000741c00000|  0%| F|  |TS  0|AC  0|TAMS 0x0000000741b00000, 0x0000000741b00000|
|  28|0x0000000741c00000, 0x0000000741c00000, 0x0000000741d00000|  0%| F|  |TS  0|AC  0|TAMS 0x0000000741c00000, 0x0000000741c00000|
|  29|0x0000000741d00000, 0x0000000741d00000, 0x0000000741e00000|  0%| F|  |TS  0|AC  0|TAMS 0x0000000741d00000, 0x0000000741d00000|
|  30|0x0000000741e00000, 0x0000000741e00000, 0x0000000741f00000|  0%| F|  |TS  0|AC  0|TAMS 0x0000000741e00000, 0x0000000741e00000|
|  31|0x0000000741f00000, 0x0000000741f00000, 0x0000000742000000|  0%| F|  |TS  0|AC  0|TAMS 0x0000000741f00000, 0x0000000741f00000|
|  32|0x0000000742000000, 0x0000000742000000, 0x0000000742100000|  0%| F|  |TS  0|AC  0|TAMS 0x0000000742000000, 0x0000000742000000|
|  33|0x0000000742100000, 0x0000000742100000, 0x0000000742200000|  0%| F|  |TS  0|AC  0|TAMS 0x0000000742100000, 0x0000000742100000|
|  34|0x0000000742200000, 0x0000000742200000, 0x0000000742300000|  0%| F|  |TS  0|AC  0|TAMS 0x0000000742200000, 0x0000000742200000|
|  35|0x0000000742300000, 0x0000000742300000, 0x0000000742400000|  0%| F|  |TS  0|AC  0|TAMS 0x0000000742300000, 0x0000000742300000|
|  36|0x0000000742400000, 0x0000000742400000, 0x0000000742500000|  0%| F|  |TS  0|AC  0|TAMS 0x0000000742400000, 0x0000000742400000|
|  37|0x0000000742500000, 0x0000000742500000, 0x0000000742600000|  0%| F|  |TS  0|AC  0|TAMS 0x0000000742500000, 0x0000000742500000|
|  38|0x0000000742600000, 0x0000000742600000, 0x0000000742700000|  0%| F|  |TS  0|AC  0|TAMS 0x0000000742600000, 0x0000000742600000|
|  39|0x0000000742700000, 0x0000000742700000, 0x0000000742800000|  0%| F|  |TS  0|AC  0|TAMS 0x0000000742700000, 0x0000000742700000|
|  40|0x0000000742800000, 0x0000000742800000, 0x0000000742900000|  0%| F|  |TS  0|AC  0|TAMS 0x0000000742800000, 0x0000000742800000|
|  41|0x0000000742900000, 0x0000000742900000, 0x0000000742a00000|  0%| F|  |TS  0|AC  0|TAMS 0x0000000742900000, 0x0000000742900000|
|  42|0x0000000742a00000, 0x0000000742a00000, 0x0000000742b00000|  0%| F|  |TS  0|AC  0|TAMS 0x0000000742a00000, 0x0000000742a00000|
|  43|0x0000000742b00000, 0x0000000742b00000, 0x0000000742c00000|  0%| F|  |TS  0|AC  0|TAMS 0x0000000742b00000, 0x0000000742b00000|
|  44|0x0000000742c00000, 0x0000000742c00000, 0x0000000742d00000|  0%| F|  |TS  0|AC  0|TAMS 0x0000000742c00000, 0x0000000742c00000|
|  45|0x0000000742d00000, 0x0000000742d00000, 0x0000000742e00000|  0%| F|  |TS  0|AC  0|TAMS 0x0000000742d00000, 0x0000000742d00000|
|  46|0x0000000742e00000, 0x0000000742e00000, 0x0000000742f00000|  0%| F|  |TS  0|AC  0|TAMS 0x0000000742e00000, 0x0000000742e00000|
|  47|0x0000000742f00000, 0x0000000742f00000, 0x0000000743000000|  0%| F|  |TS  0|AC  0|TAMS 0x0000000742f00000, 0x0000000742f00000|
|  48|0x0000000743000000, 0x0000000743000000, 0x0000000743100000|  0%| F|  |TS  0|AC  0|TAMS 0x0000000743000000, 0x0000000743000000|
|  49|0x0000000743100000, 0x0000000743100000, 0x0000000743200000|  0%| F|  |TS  0|AC  0|TAMS 0x0000000743100000, 0x0000000743100000|
|  50|0x0000000743200000, 0x0000000743200000, 0x0000000743300000|  0%| F|  |TS  0|AC  0|TAMS 0x0000000743200000, 0x0000000743200000|
|  51|0x0000000743300000, 0x0000000743300000, 0x0000000743400000|  0%| F|  |TS  0|AC  0|TAMS 0x0000000743300000, 0x0000000743300000|
|  52|0x0000000743400000, 0x0000000743400000, 0x0000000743500000|  0%| F|  |TS  0|AC  0|TAMS 0x0000000743400000, 0x0000000743400000|
|  53|0x0000000743500000, 0x0000000743500000, 0x0000000743600000|  0%| F|  |TS  0|AC  0|TAMS 0x0000000743500000, 0x0000000743500000|
|  54|0x0000000743600000, 0x0000000743600000, 0x0000000743700000|  0%| F|  |TS  0|AC  0|TAMS 0x0000000743600000, 0x0000000743600000|
|  55|0x0000000743700000, 0x0000000743700000, 0x0000000743800000|  0%| F|  |TS  0|AC  0|TAMS 0x0000000743700000, 0x0000000743700000|
|  56|0x0000000743800000, 0x0000000743800000, 0x0000000743900000|  0%| F|  |TS  0|AC  0|TAMS 0x0000000743800000, 0x0000000743800000|
|  57|0x0000000743900000, 0x0000000743900000, 0x0000000743a00000|  0%| F|  |TS  0|AC  0|TAMS 0x0000000743900000, 0x0000000743900000|
|  58|0x0000000743a00000, 0x0000000743a00000, 0x0000000743b00000|  0%| F|  |TS  0|AC  0|TAMS 0x0000000743a00000, 0x0000000743a00000|
|  59|0x0000000743b00000, 0x0000000743b00000, 0x0000000743c00000|  0%| F|  |TS  0|AC  0|TAMS 0x0000000743b00000, 0x0000000743b00000|
|  60|0x0000000743c00000, 0x0000000743c00000, 0x0000000743d00000|  0%| F|  |TS  0|AC  0|TAMS 0x0000000743c00000, 0x0000000743c00000|
|  61|0x0000000743d00000, 0x0000000743d00000, 0x0000000743e00000|  0%| F|  |TS  0|AC  0|TAMS 0x0000000743d00000, 0x0000000743d00000|
|  62|0x0000000743e00000, 0x0000000743e00000, 0x0000000743f00000|  0%| F|  |TS  0|AC  0|TAMS 0x0000000743e00000, 0x0000000743e00000|
|  63|0x0000000743f00000, 0x0000000743f00000, 0x0000000744000000|  0%| F|  |TS  0|AC  0|TAMS 0x0000000743f00000, 0x0000000743f00000|
|  64|0x0000000744000000, 0x0000000744000000, 0x0000000744100000|  0%| F|  |TS  0|AC  0|TAMS 0x0000000744000000, 0x0000000744000000|
|  65|0x0000000744100000, 0x0000000744100000, 0x0000000744200000|  0%| F|  |TS  0|AC  0|TAMS 0x0000000744100000, 0x0000000744100000|
|  66|0x0000000744200000, 0x0000000744200000, 0x0000000744300000|  0%| F|  |TS  0|AC  0|TAMS 0x0000000744200000, 0x0000000744200000|
|  67|0x0000000744300000, 0x0000000744300000, 0x0000000744400000|  0%| F|  |TS  0|AC  0|TAMS 0x0000000744300000, 0x0000000744300000|
|  68|0x0000000744400000, 0x0000000744400000, 0x0000000744500000|  0%| F|  |TS  0|AC  0|TAMS 0x0000000744400000, 0x0000000744400000|
|  69|0x0000000744500000, 0x0000000744500000, 0x0000000744600000|  0%| F|  |TS  0|AC  0|TAMS 0x0000000744500000, 0x0000000744500000|
|  70|0x0000000744600000, 0x0000000744600000, 0x0000000744700000|  0%| F|  |TS  0|AC  0|TAMS 0x0000000744600000, 0x0000000744600000|
|  71|0x0000000744700000, 0x0000000744700000, 0x0000000744800000|  0%| F|  |TS  0|AC  0|TAMS 0x0000000744700000, 0x0000000744700000|
|  72|0x0000000744800000, 0x0000000744800000, 0x0000000744900000|  0%| F|  |TS  0|AC  0|TAMS 0x0000000744800000, 0x0000000744800000|
|  73|0x0000000744900000, 0x0000000744900000, 0x0000000744a00000|  0%| F|  |TS  0|AC  0|TAMS 0x0000000744900000, 0x0000000744900000|
|  74|0x0000000744a00000, 0x0000000744a00000, 0x0000000744b00000|  0%| F|  |TS  0|AC  0|TAMS 0x0000000744a00000, 0x0000000744a00000|
|  75|0x0000000744b00000, 0x0000000744b00000, 0x0000000744c00000|  0%| F|  |TS  0|AC  0|TAMS 0x0000000744b00000, 0x0000000744b00000|
|  76|0x0000000744c00000, 0x0000000744c00000, 0x0000000744d00000|  0%| F|  |TS  0|AC  0|TAMS 0x0000000744c00000, 0x0000000744c00000|
|  77|0x0000000744d00000, 0x0000000744d00000, 0x0000000744e00000|  0%| F|  |TS  0|AC  0|TAMS 0x0000000744d00000, 0x0000000744d00000|
|  78|0x0000000744e00000, 0x0000000744e00000, 0x0000000744f00000|  0%| F|  |TS  0|AC  0|TAMS 0x0000000744e00000, 0x0000000744e00000|
|  79|0x0000000744f00000, 0x0000000744f00000, 0x0000000745000000|  0%| F|  |TS  0|AC  0|TAMS 0x0000000744f00000, 0x0000000744f00000|
|  80|0x0000000745000000, 0x0000000745000000, 0x0000000745100000|  0%| F|  |TS  0|AC  0|TAMS 0x0000000745000000, 0x0000000745000000|
|  81|0x0000000745100000, 0x0000000745100000, 0x0000000745200000|  0%| F|  |TS  0|AC  0|TAMS 0x0000000745100000, 0x0000000745100000|
|  82|0x0000000745200000, 0x0000000745200000, 0x0000000745300000|  0%| F|  |TS  0|AC  0|TAMS 0x0000000745200000, 0x0000000745200000|
|  83|0x0000000745300000, 0x0000000745300000, 0x0000000745400000|  0%| F|  |TS  0|AC  0|TAMS 0x0000000745300000, 0x0000000745300000|
|  84|0x0000000745400000, 0x0000000745400000, 0x0000000745500000|  0%| F|  |TS  0|AC  0|TAMS 0x0000000745400000, 0x0000000745400000|
|  85|0x0000000745500000, 0x0000000745500000, 0x0000000745600000|  0%| F|  |TS  0|AC  0|TAMS 0x0000000745500000, 0x0000000745500000|
|  86|0x0000000745600000, 0x0000000745600000, 0x0000000745700000|  0%| F|  |TS  0|AC  0|TAMS 0x0000000745600000, 0x0000000745600000|
|  87|0x0000000745700000, 0x0000000745700000, 0x0000000745800000|  0%| F|  |TS  0|AC  0|TAMS 0x0000000745700000, 0x0000000745700000|
|  88|0x0000000745800000, 0x0000000745800000, 0x0000000745900000|  0%| F|  |TS  0|AC  0|TAMS 0x0000000745800000, 0x0000000745800000|
|  89|0x0000000745900000, 0x0000000745900000, 0x0000000745a00000|  0%| F|  |TS  0|AC  0|TAMS 0x0000000745900000, 0x0000000745900000|
|  90|0x0000000745a00000, 0x0000000745a00000, 0x0000000745b00000|  0%| F|  |TS  0|AC  0|TAMS 0x0000000745a00000, 0x0000000745a00000|
|  91|0x0000000745b00000, 0x0000000745b00000, 0x0000000745c00000|  0%| F|  |TS  0|AC  0|TAMS 0x0000000745b00000, 0x0000000745b00000|
|  92|0x0000000745c00000, 0x0000000745c00000, 0x0000000745d00000|  0%| F|  |TS  0|AC  0|TAMS 0x0000000745c00000, 0x0000000745c00000|
|  93|0x0000000745d00000, 0x0000000745d00000, 0x0000000745e00000|  0%| F|  |TS  0|AC  0|TAMS 0x0000000745d00000, 0x0000000745d00000|
|  94|0x0000000745e00000, 0x0000000745e00000, 0x0000000745f00000|  0%| F|  |TS  0|AC  0|TAMS 0x0000000745e00000, 0x0000000745e00000|
|  95|0x0000000745f00000, 0x0000000745f00000, 0x0000000746000000|  0%| F|  |TS  0|AC  0|TAMS 0x0000000745f00000, 0x0000000745f00000|
|  96|0x0000000746000000, 0x0000000746000000, 0x0000000746100000|  0%| F|  |TS  0|AC  0|TAMS 0x0000000746000000, 0x0000000746000000|
|  97|0x0000000746100000, 0x0000000746100000, 0x0000000746200000|  0%| F|  |TS  0|AC  0|TAMS 0x0000000746100000, 0x0000000746100000|
|  98|0x0000000746200000, 0x0000000746200000, 0x0000000746300000|  0%| F|  |TS  0|AC  0|TAMS 0x0000000746200000, 0x0000000746200000|
|  99|0x0000000746300000, 0x0000000746300000, 0x0000000746400000|  0%| F|  |TS  0|AC  0|TAMS 0x0000000746300000, 0x0000000746300000|
| 100|0x0000000746400000, 0x0000000746400000, 0x0000000746500000|  0%| F|  |TS  0|AC  0|TAMS 0x0000000746400000, 0x0000000746400000|
| 101|0x0000000746500000, 0x0000000746500000, 0x0000000746600000|  0%| F|  |TS  0|AC  0|TAMS 0x0000000746500000, 0x0000000746500000|
| 102|0x0000000746600000, 0x0000000746600000, 0x0000000746700000|  0%| F|  |TS  0|AC  0|TAMS 0x0000000746600000, 0x0000000746600000|
| 103|0x0000000746700000, 0x0000000746700000, 0x0000000746800000|  0%| F|  |TS  0|AC  0|TAMS 0x0000000746700000, 0x0000000746700000|
| 104|0x0000000746800000, 0x0000000746800000, 0x0000000746900000|  0%| F|  |TS  0|AC  0|TAMS 0x0000000746800000, 0x0000000746800000|
| 105|0x0000000746900000, 0x0000000746900000, 0x0000000746a00000|  0%| F|  |TS  0|AC  0|TAMS 0x0000000746900000, 0x0000000746900000|
| 106|0x0000000746a00000, 0x0000000746a00000, 0x0000000746b00000|  0%| F|  |TS  0|AC  0|TAMS 0x0000000746a00000, 0x0000000746a00000|
| 107|0x0000000746b00000, 0x0000000746b00000, 0x0000000746c00000|  0%| F|  |TS  0|AC  0|TAMS 0x0000000746b00000, 0x0000000746b00000|
| 108|0x0000000746c00000, 0x0000000746c00000, 0x0000000746d00000|  0%| F|  |TS  0|AC  0|TAMS 0x0000000746c00000, 0x0000000746c00000|
| 109|0x0000000746d00000, 0x0000000746d00000, 0x0000000746e00000|  0%| F|  |TS  0|AC  0|TAMS 0x0000000746d00000, 0x0000000746d00000|
| 110|0x0000000746e00000, 0x0000000746e00000, 0x0000000746f00000|  0%| F|  |TS  0|AC  0|TAMS 0x0000000746e00000, 0x0000000746e00000|
| 111|0x0000000746f00000, 0x0000000746f00000, 0x0000000747000000|  0%| F|  |TS  0|AC  0|TAMS 0x0000000746f00000, 0x0000000746f00000|
| 112|0x0000000747000000, 0x0000000747000000, 0x0000000747100000|  0%| F|  |TS  0|AC  0|TAMS 0x0000000747000000, 0x0000000747000000|
| 113|0x0000000747100000, 0x0000000747100000, 0x0000000747200000|  0%| F|  |TS  0|AC  0|TAMS 0x0000000747100000, 0x0000000747100000|
| 114|0x0000000747200000, 0x0000000747200000, 0x0000000747300000|  0%| F|  |TS  0|AC  0|TAMS 0x0000000747200000, 0x0000000747200000|
| 115|0x0000000747300000, 0x0000000747300000, 0x0000000747400000|  0%| F|  |TS  0|AC  0|TAMS 0x0000000747300000, 0x0000000747300000|
| 116|0x0000000747400000, 0x0000000747400000, 0x0000000747500000|  0%| F|  |TS  0|AC  0|TAMS 0x0000000747400000, 0x0000000747400000|
| 117|0x0000000747500000, 0x0000000747500000, 0x0000000747600000|  0%| F|  |TS  0|AC  0|TAMS 0x0000000747500000, 0x0000000747500000|
| 118|0x0000000747600000, 0x0000000747600000, 0x0000000747700000|  0%| F|  |TS  0|AC  0|TAMS 0x0000000747600000, 0x0000000747600000|
| 119|0x0000000747700000, 0x0000000747700000, 0x0000000747800000|  0%| F|  |TS  0|AC  0|TAMS 0x0000000747700000, 0x0000000747700000|
| 120|0x0000000747800000, 0x0000000747800000, 0x0000000747900000|  0%| F|  |TS  0|AC  0|TAMS 0x0000000747800000, 0x0000000747800000|
| 121|0x0000000747900000, 0x0000000747900000, 0x0000000747a00000|  0%| F|  |TS  0|AC  0|TAMS 0x0000000747900000, 0x0000000747900000|
| 122|0x0000000747a00000, 0x0000000747a00000, 0x0000000747b00000|  0%| F|  |TS  0|AC  0|TAMS 0x0000000747a00000, 0x0000000747a00000|
| 123|0x0000000747b00000, 0x0000000747b00000, 0x0000000747c00000|  0%| F|  |TS  0|AC  0|TAMS 0x0000000747b00000, 0x0000000747b00000|
| 124|0x0000000747c00000, 0x0000000747c7b6b8, 0x0000000747d00000| 48%| E|  |TS  0|AC  0|TAMS 0x0000000747c00000, 0x0000000747c00000|
| 125|0x0000000747d00000, 0x0000000747e00000, 0x0000000747e00000|100%| E|CS|TS  0|AC  0|TAMS 0x0000000747d00000, 0x0000000747d00000|
| 126|0x0000000747e00000, 0x0000000747f00000, 0x0000000747f00000|100%| E|CS|TS  0|AC  0|TAMS 0x0000000747e00000, 0x0000000747e00000|
| 127|0x0000000747f00000, 0x0000000748000000, 0x0000000748000000|100%| E|CS|TS  0|AC  0|TAMS 0x0000000747f00000, 0x0000000747f00000|

Card table byte_map: [0x000000010e191000,0x000000010e591000] byte_map_base: 0x000000010a791000

Marking Bits (Prev, Next): (CMBitMap*) 0x00007fc83a83f270, (CMBitMap*) 0x00007fc83a83f2a8
 Prev Bits: [0x000000010e991000, 0x0000000110991000)
 Next Bits: [0x0000000110991000, 0x0000000112991000)

Polling page: 0x000000010b1ef000

CodeHeap 'non-profiled nmethods': size=120032Kb used=54Kb max_used=54Kb free=119977Kb
 bounds [0x0000000127075000, 0x00000001272e5000, 0x000000012e5ad000]
CodeHeap 'profiled nmethods': size=120028Kb used=242Kb max_used=242Kb free=119785Kb
 bounds [0x000000011fb3e000, 0x000000011fdae000, 0x0000000127075000]
CodeHeap 'non-nmethods': size=5700Kb used=1152Kb max_used=1162Kb free=4547Kb
 bounds [0x000000011f5ad000, 0x000000011f81d000, 0x000000011fb3e000]
 total_blobs=539 nmethods=189 adapters=202
 compilation: enabled

Compilation events (10 events):
Event: 0.230 Thread 0x00007fc83b804000  186       1       java.util.zip.ZStreamRef::address (5 bytes)
Event: 0.231 Thread 0x00007fc83b804000 nmethod 186 0x0000000127082390 code [0x0000000127082540, 0x0000000127082650]
Event: 0.231 Thread 0x00007fc83b804000  185       1       java.net.URL::getFile (5 bytes)
Event: 0.231 Thread 0x00007fc83b804000 nmethod 185 0x0000000127082710 code [0x00000001270828c0, 0x00000001270829d0]
Event: 0.232 Thread 0x00007fc83b804000  187       3       java.lang.String::lastIndexOf (29 bytes)
Event: 0.232 Thread 0x00007fc83b804000 nmethod 187 0x000000011fb79490 code [0x000000011fb79660, 0x000000011fb79978]
Event: 0.232 Thread 0x00007fc83b804000  188       3       java.util.Arrays::copyOf (19 bytes)
Event: 0.233 Thread 0x00007fc83b804000 nmethod 188 0x000000011fb79a90 code [0x000000011fb79c60, 0x000000011fb79f88]
Event: 0.234 Thread 0x00007fc83b804000  189       3       java.lang.String::lastIndexOf (12 bytes)
Event: 0.235 Thread 0x00007fc83b804000 nmethod 189 0x000000011fb7a110 code [0x000000011fb7a300, 0x000000011fb7a8b8]

GC Heap History (0 events):
No events

Deoptimization events (0 events):
No events

Classes redefined (3 events):
Event: 386.832 Thread 0x00007fc83a8b4800 redefined class name=Deque, count=1
Event: 647.971 Thread 0x00007fc83a8b4800 redefined class name=Deque, count=2
Event: 768.004 Thread 0x00007fc83a8b4800 redefined class name=Deque, count=3

Internal exceptions (0 events):
No events

Events (10 events):
Event: 768.005 Executing VM operation: RedefineClasses done
Event: 768.005 Executing VM operation: GetFrameCount
Event: 768.005 Executing VM operation: GetFrameCount done
Event: 768.005 Executing VM operation: GetFrameCount
Event: 768.005 Executing VM operation: GetFrameCount done
Event: 768.005 Executing VM operation: GetFrameLocation
Event: 768.005 Executing VM operation: GetFrameLocation done
Event: 768.109 Executing VM operation: ChangeBreakpoints
Event: 768.109 Executing VM operation: ChangeBreakpoints done
Event: 768.177 Executing VM operation: GetOrSetLocal


Dynamic libraries:
0x00007fff2a141000 	/System/Library/Frameworks/Cocoa.framework/Versions/A/Cocoa
0x00007fff3674e000 	/System/Library/Frameworks/Security.framework/Versions/A/Security
0x00007fff28d84000 	/System/Library/Frameworks/ApplicationServices.framework/Versions/A/ApplicationServices
0x00007fff5256f000 	/usr/lib/libz.1.dylib
0x00007fff504a1000 	/usr/lib/libSystem.B.dylib
0x00007fff2a8f8000 	/System/Library/Frameworks/CoreFoundation.framework/Versions/A/CoreFoundation
0x00007fff2ca59000 	/System/Library/Frameworks/Foundation.framework/Versions/C/Foundation
0x00007fff51b59000 	/usr/lib/libobjc.A.dylib
0x00007fff27ed4000 	/System/Library/Frameworks/AppKit.framework/Versions/C/AppKit
0x00007fff2a4b9000 	/System/Library/Frameworks/CoreData.framework/Versions/A/CoreData
0x00007fff49deb000 	/System/Library/PrivateFrameworks/RemoteViewServices.framework/Versions/A/RemoteViewServices
0x00007fff4e546000 	/System/Library/PrivateFrameworks/UIFoundation.framework/Versions/A/UIFoundation
0x00007fff3ec04000 	/System/Library/PrivateFrameworks/DFRFoundation.framework/Versions/A/DFRFoundation
0x00007fff2f0c3000 	/System/Library/Frameworks/Metal.framework/Versions/A/Metal
0x00007fff3eda1000 	/System/Library/PrivateFrameworks/DesktopServicesPriv.framework/Versions/A/DesktopServicesPriv
0x00007fff510a7000 	/usr/lib/libenergytrace.dylib
0x00007fff4c5b2000 	/System/Library/PrivateFrameworks/SkyLight.framework/Versions/A/SkyLight
0x00007fff2ad9b000 	/System/Library/Frameworks/CoreGraphics.framework/Versions/A/CoreGraphics
0x00007fff5049c000 	/usr/lib/libScreenReader.dylib
0x00007fff26e6f000 	/System/Library/Frameworks/Accelerate.framework/Versions/A/Accelerate
0x00007fff2d1d2000 	/System/Library/Frameworks/IOSurface.framework/Versions/A/IOSurface
0x00007fff292ce000 	/System/Library/Frameworks/AudioToolbox.framework/Versions/A/AudioToolbox
0x00007fff2955d000 	/System/Library/Frameworks/AudioUnit.framework/Versions/A/AudioUnit
0x00007fff3ec9c000 	/System/Library/PrivateFrameworks/DataDetectorsCore.framework/Versions/A/DataDetectorsCore
0x00007fff29c34000 	/System/Library/Frameworks/Carbon.framework/Versions/A/Frameworks/HIToolbox.framework/Versions/A/HIToolbox
0x00007fff51201000 	/usr/lib/libicucore.A.dylib
0x00007fff35cce000 	/System/Library/Frameworks/QuartzCore.framework/Versions/A/QuartzCore
0x00007fff4b868000 	/System/Library/PrivateFrameworks/SignpostNotification.framework/Versions/A/SignpostNotification
0x00007fff2a01a000 	/System/Library/Frameworks/Carbon.framework/Versions/A/Frameworks/SpeechRecognition.framework/Versions/A/SpeechRecognition
0x00007fff505fd000 	/usr/lib/libauto.dylib
0x00007fff5245e000 	/usr/lib/libxml2.2.dylib
0x00007fff3e855000 	/System/Library/PrivateFrameworks/CoreUI.framework/Versions/A/CoreUI
0x00007fff2a395000 	/System/Library/Frameworks/CoreAudio.framework/Versions/A/CoreAudio
0x00007fff2c893000 	/System/Library/Frameworks/DiskArbitration.framework/Versions/A/DiskArbitration
0x00007fff51475000 	/usr/lib/liblangid.dylib
0x00007fff462f8000 	/System/Library/PrivateFrameworks/MultitouchSupport.framework/Versions/A/MultitouchSupport
0x00007fff2d135000 	/System/Library/Frameworks/IOKit.framework/Versions/A/IOKit
0x00007fff5012b000 	/usr/lib/libDiagnosticMessagesClient.dylib
0x00007fff2ba71000 	/System/Library/Frameworks/CoreServices.framework/Versions/A/CoreServices
0x00007fff47e28000 	/System/Library/PrivateFrameworks/PerformanceAnalysis.framework/Versions/A/PerformanceAnalysis
0x00007fff34e70000 	/System/Library/Frameworks/OpenGL.framework/Versions/A/OpenGL
0x00007fff2a14f000 	/System/Library/Frameworks/ColorSync.framework/Versions/A/ColorSync
0x00007fff2b3ad000 	/System/Library/Frameworks/CoreImage.framework/Versions/A/CoreImage
0x00007fff2c401000 	/System/Library/Frameworks/CoreText.framework/Versions/A/CoreText
0x00007fff2d230000 	/System/Library/Frameworks/ImageIO.framework/Versions/A/ImageIO
0x00007fff3b553000 	/System/Library/PrivateFrameworks/Backup.framework/Versions/A/Backup
0x00007fff5054d000 	/usr/lib/libarchive.2.dylib
0x00007fff29880000 	/System/Library/Frameworks/CFNetwork.framework/Versions/A/CFNetwork
0x00007fff36edf000 	/System/Library/Frameworks/SystemConfiguration.framework/Versions/A/SystemConfiguration
0x00007fff50054000 	/usr/lib/libCRFSuite.dylib
0x00007fff506d6000 	/usr/lib/libc++.1.dylib
0x00007fff5072d000 	/usr/lib/libc++abi.dylib
0x00007fff5261d000 	/usr/lib/system/libcache.dylib
0x00007fff52622000 	/usr/lib/system/libcommonCrypto.dylib
0x00007fff5262d000 	/usr/lib/system/libcompiler_rt.dylib
0x00007fff52635000 	/usr/lib/system/libcopyfile.dylib
0x00007fff5263f000 	/usr/lib/system/libcorecrypto.dylib
0x00007fff5274c000 	/usr/lib/system/libdispatch.dylib
0x00007fff52786000 	/usr/lib/system/libdyld.dylib
0x00007fff527a4000 	/usr/lib/system/libkeymgr.dylib
0x00007fff527b2000 	/usr/lib/system/liblaunch.dylib
0x00007fff527b3000 	/usr/lib/system/libmacho.dylib
0x00007fff527b8000 	/usr/lib/system/libquarantine.dylib
0x00007fff527bb000 	/usr/lib/system/libremovefile.dylib
0x00007fff527bd000 	/usr/lib/system/libsystem_asl.dylib
0x00007fff527d5000 	/usr/lib/system/libsystem_blocks.dylib
0x00007fff527d6000 	/usr/lib/system/libsystem_c.dylib
0x00007fff52860000 	/usr/lib/system/libsystem_configuration.dylib
0x00007fff52864000 	/usr/lib/system/libsystem_coreservices.dylib
0x00007fff52868000 	/usr/lib/system/libsystem_darwin.dylib
0x00007fff5286a000 	/usr/lib/system/libsystem_dnssd.dylib
0x00007fff52871000 	/usr/lib/system/libsystem_info.dylib
0x00007fff528e2000 	/usr/lib/system/libsystem_m.dylib
0x00007fff5292e000 	/usr/lib/system/libsystem_malloc.dylib
0x00007fff5294e000 	/usr/lib/system/libsystem_network.dylib
0x00007fff52a7f000 	/usr/lib/system/libsystem_networkextension.dylib
0x00007fff52a8a000 	/usr/lib/system/libsystem_notify.dylib
0x00007fff52aa8000 	/usr/lib/system/libsystem_sandbox.dylib
0x00007fff52aac000 	/usr/lib/system/libsystem_secinit.dylib
0x00007fff528bb000 	/usr/lib/system/libsystem_kernel.dylib
0x00007fff52a94000 	/usr/lib/system/libsystem_platform.dylib
0x00007fff52a9c000 	/usr/lib/system/libsystem_pthread.dylib
0x00007fff52aae000 	/usr/lib/system/libsystem_symptoms.dylib
0x00007fff52ab6000 	/usr/lib/system/libsystem_trace.dylib
0x00007fff52acb000 	/usr/lib/system/libunwind.dylib
0x00007fff52ad1000 	/usr/lib/system/libxpc.dylib
0x00007fff4ff67000 	/usr/lib/closure/libclosured.dylib
0x00007fff506b7000 	/usr/lib/libbsm.0.dylib
0x00007fff527a5000 	/usr/lib/system/libkxld.dylib
0x00007fff50365000 	/usr/lib/libOpenScriptingUtil.dylib
0x00007fff50a26000 	/usr/lib/libcoretls.dylib
0x00007fff50a3f000 	/usr/lib/libcoretls_cfhelpers.dylib
0x00007fff51f5a000 	/usr/lib/libpam.2.dylib
0x00007fff52081000 	/usr/lib/libsqlite3.dylib
0x00007fff5244d000 	/usr/lib/libxar.1.dylib
0x00007fff506c8000 	/usr/lib/libbz2.1.0.dylib
0x00007fff51477000 	/usr/lib/liblzma.5.dylib
0x00007fff51958000 	/usr/lib/libnetwork.dylib
0x00007fff50536000 	/usr/lib/libapple_nghttp2.dylib
0x00007fff51f61000 	/usr/lib/libpcap.A.dylib
0x00007fff505fe000 	/usr/lib/libboringssl.dylib
0x00007fff523e8000 	/usr/lib/libusrtcp.dylib
0x00007fff50535000 	/usr/lib/libapple_crypto.dylib
0x00007fff2bdf4000 	/System/Library/Frameworks/CoreServices.framework/Versions/A/Frameworks/FSEvents.framework/Versions/A/FSEvents
0x00007fff2bae7000 	/System/Library/Frameworks/CoreServices.framework/Versions/A/Frameworks/CarbonCore.framework/Versions/A/CarbonCore
0x00007fff2bfbb000 	/System/Library/Frameworks/CoreServices.framework/Versions/A/Frameworks/Metadata.framework/Versions/A/Metadata
0x00007fff2c06c000 	/System/Library/Frameworks/CoreServices.framework/Versions/A/Frameworks/OSServices.framework/Versions/A/OSServices
0x00007fff2c0cd000 	/System/Library/Frameworks/CoreServices.framework/Versions/A/Frameworks/SearchKit.framework/Versions/A/SearchKit
0x00007fff2ba72000 	/System/Library/Frameworks/CoreServices.framework/Versions/A/Frameworks/AE.framework/Versions/A/AE
0x00007fff2bdfd000 	/System/Library/Frameworks/CoreServices.framework/Versions/A/Frameworks/LaunchServices.framework/Versions/A/LaunchServices
0x00007fff2bdbf000 	/System/Library/Frameworks/CoreServices.framework/Versions/A/Frameworks/DictionaryServices.framework/Versions/A/DictionaryServices
0x00007fff2c13c000 	/System/Library/Frameworks/CoreServices.framework/Versions/A/Frameworks/SharedFileList.framework/Versions/A/SharedFileList
0x00007fff302f9000 	/System/Library/Frameworks/NetFS.framework/Versions/A/NetFS
0x00007fff46589000 	/System/Library/PrivateFrameworks/NetAuth.framework/Versions/A/NetAuth
0x00007fff4fdfe000 	/System/Library/PrivateFrameworks/login.framework/Versions/A/Frameworks/loginsupport.framework/Versions/A/loginsupport
0x00007fff4e1c3000 	/System/Library/PrivateFrameworks/TCC.framework/Versions/A/TCC
0x00007fff51558000 	/usr/lib/libmecabra.dylib
0x00007fff28d85000 	/System/Library/Frameworks/ApplicationServices.framework/Versions/A/Frameworks/ATS.framework/Versions/A/ATS
0x00007fff29133000 	/System/Library/Frameworks/ApplicationServices.framework/Versions/A/Frameworks/ColorSyncLegacy.framework/Versions/A/ColorSyncLegacy
0x00007fff291d7000 	/System/Library/Frameworks/ApplicationServices.framework/Versions/A/Frameworks/HIServices.framework/Versions/A/HIServices
0x00007fff2922a000 	/System/Library/Frameworks/ApplicationServices.framework/Versions/A/Frameworks/LangAnalysis.framework/Versions/A/LangAnalysis
0x00007fff29239000 	/System/Library/Frameworks/ApplicationServices.framework/Versions/A/Frameworks/PrintCore.framework/Versions/A/PrintCore
0x00007fff29286000 	/System/Library/Frameworks/ApplicationServices.framework/Versions/A/Frameworks/QD.framework/Versions/A/QD
0x00007fff292c1000 	/System/Library/Frameworks/ApplicationServices.framework/Versions/A/Frameworks/SpeechSynthesis.framework/Versions/A/SpeechSynthesis
0x00007fff2a810000 	/System/Library/Frameworks/CoreDisplay.framework/Versions/A/CoreDisplay
0x00007fff26e87000 	/System/Library/Frameworks/Accelerate.framework/Versions/A/Frameworks/vImage.framework/Versions/A/vImage
0x00007fff27be1000 	/System/Library/Frameworks/Accelerate.framework/Versions/A/Frameworks/vecLib.framework/Versions/A/vecLib
0x00007fff27981000 	/System/Library/Frameworks/Accelerate.framework/Versions/A/Frameworks/vecLib.framework/Versions/A/libvDSP.dylib
0x00007fff274e1000 	/System/Library/Frameworks/Accelerate.framework/Versions/A/Frameworks/vecLib.framework/Versions/A/libBNNS.dylib
0x00007fff278e6000 	/System/Library/Frameworks/Accelerate.framework/Versions/A/Frameworks/vecLib.framework/Versions/A/libQuadrature.dylib
0x00007fff27b2f000 	/System/Library/Frameworks/Accelerate.framework/Versions/A/Frameworks/vecLib.framework/Versions/A/libvMisc.dylib
0x00007fff27510000 	/System/Library/Frameworks/Accelerate.framework/Versions/A/Frameworks/vecLib.framework/Versions/A/libLAPACK.dylib
0x00007fff27386000 	/System/Library/Frameworks/Accelerate.framework/Versions/A/Frameworks/vecLib.framework/Versions/A/libBLAS.dylib
0x00007fff278d0000 	/System/Library/Frameworks/Accelerate.framework/Versions/A/Frameworks/vecLib.framework/Versions/A/libLinearAlgebra.dylib
0x00007fff278ec000 	/System/Library/Frameworks/Accelerate.framework/Versions/A/Frameworks/vecLib.framework/Versions/A/libSparse.dylib
0x00007fff2796d000 	/System/Library/Frameworks/Accelerate.framework/Versions/A/Frameworks/vecLib.framework/Versions/A/libSparseBLAS.dylib
0x00007fff433de000 	/System/Library/PrivateFrameworks/GPUWrangler.framework/Versions/A/GPUWrangler
0x00007fff44b6e000 	/System/Library/PrivateFrameworks/IOAccelerator.framework/Versions/A/IOAccelerator
0x00007fff44b79000 	/System/Library/PrivateFrameworks/IOPresentment.framework/Versions/A/IOPresentment
0x00007fff3ec16000 	/System/Library/PrivateFrameworks/DSExternalDisplay.framework/Versions/A/DSExternalDisplay
0x00007fff342f0000 	/System/Library/Frameworks/OpenGL.framework/Versions/A/Libraries/libCoreFSCache.dylib
0x00007fff2c552000 	/System/Library/Frameworks/CoreVideo.framework/Versions/A/CoreVideo
0x00007fff44159000 	/System/Library/PrivateFrameworks/GraphVisualizer.framework/Versions/A/GraphVisualizer
0x00007fff2f2fa000 	/System/Library/Frameworks/MetalPerformanceShaders.framework/Versions/A/MetalPerformanceShaders
0x00007fff50163000 	/usr/lib/libFosl_dynamic.dylib
0x00007fff3fce8000 	/System/Library/PrivateFrameworks/FaceCore.framework/Versions/A/FaceCore
0x00007fff330f7000 	/System/Library/Frameworks/OpenCL.framework/Versions/A/OpenCL
0x00007fff50764000 	/usr/lib/libcompression.dylib
0x00007fff28e84000 	/System/Library/Frameworks/ApplicationServices.framework/Versions/A/Frameworks/ATS.framework/Versions/A/Resources/libFontParser.dylib
0x00007fff28fa7000 	/System/Library/Frameworks/ApplicationServices.framework/Versions/A/Frameworks/ATS.framework/Versions/A/Resources/libFontRegistry.dylib
0x00007fff2d498000 	/System/Library/Frameworks/ImageIO.framework/Versions/A/Resources/libJPEG.dylib
0x00007fff2d7c1000 	/System/Library/Frameworks/ImageIO.framework/Versions/A/Resources/libTIFF.dylib
0x00007fff2d797000 	/System/Library/Frameworks/ImageIO.framework/Versions/A/Resources/libPng.dylib
0x00007fff2d3ab000 	/System/Library/Frameworks/ImageIO.framework/Versions/A/Resources/libGIF.dylib
0x00007fff2d3b0000 	/System/Library/Frameworks/ImageIO.framework/Versions/A/Resources/libJP2.dylib
0x00007fff2d7be000 	/System/Library/Frameworks/ImageIO.framework/Versions/A/Resources/libRadiance.dylib
0x00007fff3ac7e000 	/System/Library/PrivateFrameworks/AppleJPEG.framework/Versions/A/AppleJPEG
0x00007fff2f161000 	/System/Library/Frameworks/MetalPerformanceShaders.framework/Frameworks/MPSCore.framework/Versions/A/MPSCore
0x00007fff2f17d000 	/System/Library/Frameworks/MetalPerformanceShaders.framework/Frameworks/MPSImage.framework/Versions/A/MPSImage
0x00007fff2f212000 	/System/Library/Frameworks/MetalPerformanceShaders.framework/Frameworks/MPSNeuralNetwork.framework/Versions/A/MPSNeuralNetwork
0x00007fff2f1ed000 	/System/Library/Frameworks/MetalPerformanceShaders.framework/Frameworks/MPSMatrix.framework/Versions/A/MPSMatrix
0x00007fff4606e000 	/System/Library/PrivateFrameworks/MetalTools.framework/Versions/A/MetalTools
0x00007fff344ba000 	/System/Library/Frameworks/OpenGL.framework/Versions/A/Libraries/libGLU.dylib
0x00007fff342fb000 	/System/Library/Frameworks/OpenGL.framework/Versions/A/Libraries/libGFXShared.dylib
0x00007fff34305000 	/System/Library/Frameworks/OpenGL.framework/Versions/A/Libraries/libGL.dylib
0x00007fff34311000 	/System/Library/Frameworks/OpenGL.framework/Versions/A/Libraries/libGLImage.dylib
0x00007fff342ed000 	/System/Library/Frameworks/OpenGL.framework/Versions/A/Libraries/libCVMSPluginSupport.dylib
0x00007fff342f6000 	/System/Library/Frameworks/OpenGL.framework/Versions/A/Libraries/libCoreVMClient.dylib
0x00007fff50f11000 	/usr/lib/libcups.2.dylib
0x00007fff2e6c9000 	/System/Library/Frameworks/Kerberos.framework/Versions/A/Kerberos
0x00007fff2ce8f000 	/System/Library/Frameworks/GSS.framework/Versions/A/GSS
0x00007fff52014000 	/usr/lib/libresolv.9.dylib
0x00007fff5110f000 	/usr/lib/libiconv.2.dylib
0x00007fff441eb000 	/System/Library/PrivateFrameworks/Heimdal.framework/Versions/A/Heimdal
0x00007fff510de000 	/usr/lib/libheimdal-asn1.dylib
0x00007fff33163000 	/System/Library/Frameworks/OpenDirectory.framework/Versions/A/OpenDirectory
0x00007fff3cf90000 	/System/Library/PrivateFrameworks/CommonAuth.framework/Versions/A/CommonAuth
0x00007fff33146000 	/System/Library/Frameworks/OpenDirectory.framework/Versions/A/Frameworks/CFOpenDirectory.framework/Versions/A/CFOpenDirectory
0x00007fff36a78000 	/System/Library/Frameworks/SecurityFoundation.framework/Versions/A/SecurityFoundation
0x00007fff39e4a000 	/System/Library/PrivateFrameworks/APFS.framework/Versions/A/APFS
0x00007fff52449000 	/usr/lib/libutil.dylib
0x00007fff3ad01000 	/System/Library/PrivateFrameworks/AppleSauce.framework/Versions/A/AppleSauce
0x00007fff45356000 	/System/Library/PrivateFrameworks/LinguisticData.framework/Versions/A/LinguisticData
0x00007fff51491000 	/usr/lib/libmarisa.dylib
0x00007fff45310000 	/System/Library/PrivateFrameworks/Lexicon.framework/Versions/A/Lexicon
0x00007fff5008e000 	/usr/lib/libChineseTokenizer.dylib
0x00007fff50753000 	/usr/lib/libcmph.dylib
0x00007fff4521a000 	/System/Library/PrivateFrameworks/LanguageModeling.framework/Versions/A/LanguageModeling
0x00007fff3da9c000 	/System/Library/PrivateFrameworks/CoreEmoji.framework/Versions/A/CoreEmoji
0x00007fff36b36000 	/System/Library/Frameworks/ServiceManagement.framework/Versions/A/ServiceManagement
0x00007fff3b54b000 	/System/Library/PrivateFrameworks/BackgroundTaskManagement.framework/Versions/A/BackgroundTaskManagement
0x00007fff52546000 	/usr/lib/libxslt.1.dylib
0x00007fff29f44000 	/System/Library/Frameworks/Carbon.framework/Versions/A/Frameworks/Ink.framework/Versions/A/Ink
0x00007fff4e3d8000 	/System/Library/PrivateFrameworks/TextureIO.framework/Versions/A/TextureIO
0x00007fff50578000 	/usr/lib/libate.dylib
0x00007fff3eb76000 	/System/Library/PrivateFrameworks/CrashReporterSupport.framework/Versions/A/CrashReporterSupport
0x00007fff4b72a000 	/System/Library/PrivateFrameworks/Sharing.framework/Versions/A/Sharing
0x00007fff44f5b000 	/System/Library/PrivateFrameworks/IconServices.framework/Versions/A/IconServices
0x00007fff3ab03000 	/System/Library/PrivateFrameworks/Apple80211.framework/Versions/A/Apple80211
0x00007fff3e98b000 	/System/Library/PrivateFrameworks/CoreUtils.framework/Versions/A/CoreUtils
0x00007fff2c58d000 	/System/Library/Frameworks/CoreWLAN.framework/Versions/A/CoreWLAN
0x00007fff2cfd1000 	/System/Library/Frameworks/IOBluetooth.framework/Versions/A/IOBluetooth
0x00007fff49bf6000 	/System/Library/PrivateFrameworks/ProtocolBuffer.framework/Versions/A/ProtocolBuffer
0x00007fff3eb11000 	/System/Library/PrivateFrameworks/CoreWiFi.framework/Versions/A/CoreWiFi
0x00007fff2a48f000 	/System/Library/Frameworks/CoreBluetooth.framework/Versions/A/CoreBluetooth
0x00007fff3ed60000 	/System/Library/PrivateFrameworks/DebugSymbols.framework/Versions/A/DebugSymbols
0x00007fff3e741000 	/System/Library/PrivateFrameworks/CoreSymbolication.framework/Versions/A/CoreSymbolication
0x00007fff4dbc9000 	/System/Library/PrivateFrameworks/Symbolication.framework/Versions/A/Symbolication
0x00007fff3ab2d000 	/System/Library/PrivateFrameworks/AppleFSCompression.framework/Versions/A/AppleFSCompression
0x00007fff4d017000 	/System/Library/PrivateFrameworks/SpeechRecognitionCore.framework/Versions/A/SpeechRecognitionCore
0x000000010c200000 	/Library/Java/JavaVirtualMachines/jdk-9.0.1.jdk/Contents/Home/lib/server/libjvm.dylib
0x00007fff52316000 	/usr/lib/libstdc++.6.0.9.dylib
0x000000010b1e1000 	/Library/Java/JavaVirtualMachines/jdk-9.0.1.jdk/Contents/Home/lib/libverify.dylib
0x000000010cea2000 	/Library/Java/JavaVirtualMachines/jdk-9.0.1.jdk/Contents/Home/lib/libjava.dylib
0x000000010ced6000 	/Library/Java/JavaVirtualMachines/jdk-9.0.1.jdk/Contents/Home/lib/libjdwp.dylib
0x000000010cf13000 	/Library/Java/JavaVirtualMachines/jdk-9.0.1.jdk/Contents/Home/lib/libinstrument.dylib
0x000000010cf9f000 	/Library/Java/JavaVirtualMachines/jdk-9.0.1.jdk/Contents/Home/lib/libzip.dylib
0x000000010cfa7000 	/Library/Java/JavaVirtualMachines/jdk-9.0.1.jdk/Contents/Home/lib/libjimage.dylib
0x0000000130cab000 	/Library/Java/JavaVirtualMachines/jdk-9.0.1.jdk/Contents/Home/lib/libnio.dylib
0x0000000130cbb000 	/Library/Java/JavaVirtualMachines/jdk-9.0.1.jdk/Contents/Home/lib/./libnet.dylib
0x0000000130d7c000 	/Library/Java/JavaVirtualMachines/jdk-9.0.1.jdk/Contents/Home/lib/libdt_socket.dylib

VM Arguments:
jvm_args: -agentlib:jdwp=transport=dt_socket,address=127.0.0.1:51465,suspend=y,server=n -javaagent:/Users/Shiqing/Library/Caches/IdeaIC2018.1/captureAgent/debugger-agent.jar=file:/private/var/folders/f_/4frqlsvd1995db2mwk27qf380000gn/T/capture.props -Dfile.encoding=UTF-8 
java_command: Deque
java_class_path (initial): /Users/Shiqing/Desktop/Princeton-Algorithms/Part I/Week 2/out/production/Week 2:/Applications/IntelliJ IDEA CE.app/Contents/lib/junit-4.12.jar:/Applications/IntelliJ IDEA CE.app/Contents/lib/hamcrest-core-1.3.jar:/Users/Shiqing/Desktop/Princeton-Algorithms/Part I/Week 1/algs4.jar:/Applications/IntelliJ IDEA CE.app/Contents/lib/idea_rt.jar
Launcher Type: SUN_STANDARD

Logging:
Log output configuration:
#0: stdout all=warning uptime,level,tags
#1: stderr all=off uptime,level,tags

Environment Variables:
PATH=/Library/Frameworks/Python.framework/Versions/3.6/bin:/Library/Frameworks/Python.framework/Versions/2.7/bin:/usr/local/bin:/usr/bin:/bin:/usr/sbin:/sbin
SHELL=/bin/bash

Signal Handlers:
SIGSEGV: [libjvm.dylib+0x73e2dc], sa_mask[0]=11111111011111110111111111111111, sa_flags=SA_ONSTACK|SA_RESTART|SA_SIGINFO
SIGBUS: [libjvm.dylib+0x73e2dc], sa_mask[0]=11111111011111110111111111111111, sa_flags=SA_RESTART|SA_SIGINFO
SIGFPE: [libjvm.dylib+0x73e2dc], sa_mask[0]=11111111011111110111111111111111, sa_flags=SA_RESTART|SA_SIGINFO
SIGPIPE: [libjvm.dylib+0x5f15ac], sa_mask[0]=11111111011111110111111111111111, sa_flags=SA_RESTART|SA_SIGINFO
SIGXFSZ: [libjvm.dylib+0x5f15ac], sa_mask[0]=11111111011111110111111111111111, sa_flags=SA_RESTART|SA_SIGINFO
SIGILL: [libjvm.dylib+0x73e2dc], sa_mask[0]=11111111011111110111111111111111, sa_flags=SA_RESTART|SA_SIGINFO
SIGUSR2: [libjvm.dylib+0x5f1e3c], sa_mask[0]=00100000000000000000000000000000, sa_flags=SA_RESTART|SA_SIGINFO
SIGHUP: [libjvm.dylib+0x5f0679], sa_mask[0]=11111111011111110111111111111111, sa_flags=SA_RESTART|SA_SIGINFO
SIGINT: [libjvm.dylib+0x5f0679], sa_mask[0]=11111111011111110111111111111111, sa_flags=SA_RESTART|SA_SIGINFO
SIGTERM: [libjvm.dylib+0x5f0679], sa_mask[0]=11111111011111110111111111111111, sa_flags=SA_RESTART|SA_SIGINFO
SIGQUIT: [libjvm.dylib+0x5f0679], sa_mask[0]=11111111011111110111111111111111, sa_flags=SA_RESTART|SA_SIGINFO


---------------  S Y S T E M  ---------------

OS:uname:Darwin 17.6.0 Darwin Kernel Version 17.6.0: Tue May  8 15:22:16 PDT 2018; root:xnu-4570.61.1~1/RELEASE_X86_64 x86_64
rlimit: STACK 8192k, CORE 0k, NPROC 709, NOFILE 10240, AS infinity
load average:3.52 3.73 3.22

CPU:total 8 (initial active 8) (4 cores per cpu, 2 threads per core) family 6 model 70 stepping 1, cmov, cx8, fxsr, mmx, sse, sse2, sse3, ssse3, sse4.1, sse4.2, popcnt, avx, avx2, aes, clmul, erms, lzcnt, ht, tsc, tscinvbit, bmi1, bmi2, fma

Memory: 4k page, physical 8388608k(578508k free)

vm_info: Java HotSpot(TM) 64-Bit Server VM (9.0.1+11) for bsd-amd64 JRE (9.0.1+11), built on Sep 28 2017 03:49:57 by "mach5one" with gcc 4.2.1 Compatible Apple LLVM 6.1.0 (clang-602.0.49)

END.
